<?xml version="1.0" encoding="UTF-8"?>
<testsuite xmlns:xsi="http://www.w3.org/2001/XMLSchema-instance" xsi:noNamespaceSchemaLocation="https://maven.apache.org/surefire/maven-surefire-plugin/xsd/surefire-test-report-3.0.xsd" version="3.0" name="com.qascript.FirstTest" time="0.07" tests="1" errors="1" skipped="0" failures="0">
  <properties>
[...]
</properties>
  <testcase name="OpenBrowser" classname="com.qascript.FirstTest" time="0.044">
    <error message="The driver executable does not exist: /usr/bin/chromedriver" type="java.lang.IllegalStateException"><![CDATA[java.lang.IllegalStateException: The driver executable does not exist: /usr/bin/chromedriver
	at com.qascript.FirstTest.OpenBrowser(FirstTest.java:19)
]]></error>
  </testcase>
</testsuite>